STEP to UG
! INFO-     NX STEP AP203 - V2306.8900
! INFO-      
! INFO-     Start of Translation: 28-SEP-2025  9:20:50 PM
! INFO-      
! STATUS-   Converting Part: C:\Users\TAK\Documents\GitHub\ME-463-Can-Crusher\COTS Bodies\17HS15-1504S-Nema 17 Stepper Motor.STEP
! SUMMARY-   
! SUMMARY-    STEP Header Information
! SUMMARY-   
! SUMMARY-  Description      STEP AP214
! SUMMARY-  Imp_Level        1
! SUMMARY-  File_Name        17HS15-1504S-X1.STEP
! SUMMARY-  Date             2021-08-11T02:45:53
! SUMMARY-  Author           Unknown
! SUMMARY-  Organization     Unknown
! SUMMARY-  Pre_Version      SwSTEP 2.0
! SUMMARY-  Orig_System      SolidWorks 2016
! SUMMARY-  Authorization    Unknown
! SUMMARY-  Schema_ID        automotive_design
! SUMMARY-   
! SUMMARY-    Summary of STEP Entities
! SUMMARY-   
! SUMMARY-  Entity Type                                                   Count
! SUMMARY-  -----------                                                   ------
! SUMMARY-  advanced_face ..............................................:    388
! SUMMARY-  application_context ........................................:      2
! SUMMARY-  axis2_placement_3d .........................................:    664
! SUMMARY-  b_spline_curve_with_knots ..................................:     82
! SUMMARY-  b_spline_curve_with_knots_and_rational_b_spline_curve ......:      6
! SUMMARY-  cartesian_point ............................................:   2215
! SUMMARY-  circle .....................................................:    275
! SUMMARY-  closed_shell ...............................................:      1
! SUMMARY-  conical_surface ............................................:     13
! SUMMARY-  cylindrical_surface ........................................:     97
! SUMMARY-  direction ..................................................:   1920
! SUMMARY-  edge_curve .................................................:    955
! SUMMARY-  edge_loop ..................................................:    416
! SUMMARY-  face_bound .................................................:     28
! SUMMARY-  face_outer_bound ...........................................:    388
! SUMMARY-  geometric_representation_context_and_global_uncertainty_a ..:    267
! SUMMARY-  length_unit_and_si_unit ....................................:    267
! SUMMARY-  line .......................................................:    592
! SUMMARY-  manifold_solid_brep ........................................:      1
! SUMMARY-  oriented_edge ..............................................:   1910
! SUMMARY-  plane ......................................................:    237
! SUMMARY-  plane_angle_unit_and_si_unit ...............................:    267
! SUMMARY-  product ....................................................:      1
! SUMMARY-  product_context ............................................:      1
! SUMMARY-  product_definition .........................................:      1
! SUMMARY-  product_definition_context .................................:      1
! SUMMARY-  product_definition_formation_with_specified_source .........:      1
! SUMMARY-  product_definition_shape ...................................:      1
! SUMMARY-  product_related_product_category ...........................:      1
! SUMMARY-  si_unit_and_solid_angle_unit ...............................:    267
! SUMMARY-  spherical_surface ..........................................:     15
! SUMMARY-  toroidal_surface ...........................................:     26
! SUMMARY-  uncertainty_measure_with_unit ..............................:    267
! SUMMARY-  vector .....................................................:    592
! SUMMARY-  vertex_point ...............................................:    597
! SUMMARY-                                                               -------
! SUMMARY-  Total                                                          12762
! STATUS-    
! STATUS-   Converting to Output Form (Phase 2 of 3): 28-SEP-2025 9:20:50 PM
! STATUS-    
! STATUS-    
! STATUS-   Generating UG geometry and placing them in parts
! STATUS-    
! STATUS-   Creating the UG part (Phase 3 of 3): 28-SEP-2025  9:21:09 PM
! INFO-     Filing Part ..: C:\Users\TAK\Documents\GitHub\ME-463-Can-Crusher\17HS15-1504S-Nema 17 Stepper Motor.prt
! SUMMARY-   
! SUMMARY-  Summary of Unigraphics Part Entities
! SUMMARY-   
! SUMMARY-  Entities Processed             Count
! SUMMARY-  ------------------             -----
! SUMMARY-  Solid/Sheet .................:     1
! SUMMARY-                                 -----
! SUMMARY-  Total                              1
! INFO-      
! INFO-     Total number of solids input for this translation       :         1
! INFO-      
! INFO-     Number of solids created without body validation faults :         1
! INFO-      
! INFO-     Number of solids created with body validation fault(s)  :         0
! INFO-      
! INFO-     Number of solids ending up as sheet bodies              :         0
! INFO-      
! INFO-     End of Translation: 28-SEP-2025  9:21:14 PM
! INFO-      
