STEP to UG
! INFO-     NX STEP AP203 - V2306.8900
! INFO-      
! INFO-     Start of Translation: 8-OCT-2025  10:26:00 PM
! INFO-      
! STATUS-   Converting Part: C:\Users\TAK\Documents\GitHub\ME-463-Can-Crusher\COTS Bodies\23HS22-2804S-Nema 23 Stepper Motor.STEP
! SUMMARY-   
! SUMMARY-    STEP Header Information
! SUMMARY-   
! SUMMARY-  Description      STEP AP214
! SUMMARY-  Imp_Level        1
! SUMMARY-  File_Name        23HS22-2804S.STEP
! SUMMARY-  Date             2018-03-06T05:42:06
! SUMMARY-  Author           Unknown
! SUMMARY-  Organization     Unknown
! SUMMARY-  Pre_Version      SwSTEP 2.0
! SUMMARY-  Orig_System      SolidWorks 2014
! SUMMARY-  Authorization    Unknown
! SUMMARY-  Schema_ID        automotive_design
! SUMMARY-   
! SUMMARY-    Summary of STEP Entities
! SUMMARY-   
! SUMMARY-  Entity Type                                                   Count
! SUMMARY-  -----------                                                   ------
! SUMMARY-  advanced_face ..............................................:    432
! SUMMARY-  application_context ........................................:      2
! SUMMARY-  axis2_placement_3d .........................................:    723
! SUMMARY-  b_spline_curve_with_knots ..................................:     67
! SUMMARY-  b_spline_curve_with_knots_and_rational_b_spline_curve ......:     33
! SUMMARY-  b_spline_surface_with_knots_and_rational_b_spline_surface ..:     94
! SUMMARY-  cartesian_point ............................................:   5240
! SUMMARY-  circle .....................................................:    384
! SUMMARY-  closed_shell ...............................................:      1
! SUMMARY-  conical_surface ............................................:      4
! SUMMARY-  cylindrical_surface ........................................:    178
! SUMMARY-  direction ..................................................:   2027
! SUMMARY-  edge_curve .................................................:   1065
! SUMMARY-  edge_loop ..................................................:    459
! SUMMARY-  face_bound .................................................:     27
! SUMMARY-  face_outer_bound ...........................................:    432
! SUMMARY-  geometric_representation_context_and_global_uncertainty_a ..:    435
! SUMMARY-  length_unit_and_si_unit ....................................:    435
! SUMMARY-  line .......................................................:    581
! SUMMARY-  manifold_solid_brep ........................................:      1
! SUMMARY-  oriented_edge ..............................................:   2130
! SUMMARY-  plane ......................................................:    156
! SUMMARY-  plane_angle_unit_and_si_unit ...............................:    435
! SUMMARY-  product ....................................................:      1
! SUMMARY-  product_context ............................................:      1
! SUMMARY-  product_definition .........................................:      1
! SUMMARY-  product_definition_context .................................:      1
! SUMMARY-  product_definition_formation_with_specified_source .........:      1
! SUMMARY-  product_definition_shape ...................................:      1
! SUMMARY-  product_related_product_category ...........................:      1
! SUMMARY-  si_unit_and_solid_angle_unit ...............................:    435
! SUMMARY-  uncertainty_measure_with_unit ..............................:    435
! SUMMARY-  vector .....................................................:    581
! SUMMARY-  vertex_point ...............................................:    654
! SUMMARY-                                                               -------
! SUMMARY-  Total                                                          17453
! STATUS-    
! STATUS-   Converting to Output Form (Phase 2 of 3): 8-OCT-2025 10:26:01 PM
! STATUS-    
! STATUS-    
! STATUS-   Generating UG geometry and placing them in parts
! STATUS-    
! STATUS-   Creating the UG part (Phase 3 of 3): 8-OCT-2025  10:26:03 PM
! INFO-     Filing Part ..: C:\Users\TAK\Documents\GitHub\ME-463-Can-Crusher\23HS22-2804S-Nema 23 Stepper Motor.prt
! SUMMARY-   
! SUMMARY-  Summary of Unigraphics Part Entities
! SUMMARY-   
! SUMMARY-  Entities Processed             Count
! SUMMARY-  ------------------             -----
! SUMMARY-  Solid/Sheet .................:     1
! SUMMARY-                                 -----
! SUMMARY-  Total                              1
! INFO-      
! INFO-     Total number of solids input for this translation       :         1
! INFO-      
! INFO-     Number of solids created without body validation faults :         1
! INFO-      
! INFO-     Number of solids created with body validation fault(s)  :         0
! INFO-      
! INFO-     Number of solids ending up as sheet bodies              :         0
! INFO-      
! INFO-     End of Translation: 8-OCT-2025  10:26:05 PM
! INFO-      
STEP to UG
! INFO-     NX STEP AP203 - V2306.8900
! INFO-      
! INFO-     Start of Translation: 13-OCT-2025  2:44:29 PM
! INFO-      
! STATUS-   Converting Part: C:\Users\TAK\Documents\GitHub\ME-463-Can-Crusher\COTS Bodies\23HS22-2804S-Nema 23 Stepper Motor.STEP
! SUMMARY-   
! SUMMARY-    STEP Header Information
! SUMMARY-   
! SUMMARY-  Description      STEP AP214
! SUMMARY-  Imp_Level        1
! SUMMARY-  File_Name        23HS22-2804S.STEP
! SUMMARY-  Date             2018-03-06T05:42:06
! SUMMARY-  Author           Unknown
! SUMMARY-  Organization     Unknown
! SUMMARY-  Pre_Version      SwSTEP 2.0
! SUMMARY-  Orig_System      SolidWorks 2014
! SUMMARY-  Authorization    Unknown
! SUMMARY-  Schema_ID        automotive_design
! SUMMARY-   
! SUMMARY-    Summary of STEP Entities
! SUMMARY-   
! SUMMARY-  Entity Type                                                   Count
! SUMMARY-  -----------                                                   ------
! SUMMARY-  advanced_face ..............................................:    432
! SUMMARY-  application_context ........................................:      2
! SUMMARY-  axis2_placement_3d .........................................:    723
! SUMMARY-  b_spline_curve_with_knots ..................................:     67
! SUMMARY-  b_spline_curve_with_knots_and_rational_b_spline_curve ......:     33
! SUMMARY-  b_spline_surface_with_knots_and_rational_b_spline_surface ..:     94
! SUMMARY-  cartesian_point ............................................:   5240
! SUMMARY-  circle .....................................................:    384
! SUMMARY-  closed_shell ...............................................:      1
! SUMMARY-  conical_surface ............................................:      4
! SUMMARY-  cylindrical_surface ........................................:    178
! SUMMARY-  direction ..................................................:   2027
! SUMMARY-  edge_curve .................................................:   1065
! SUMMARY-  edge_loop ..................................................:    459
! SUMMARY-  face_bound .................................................:     27
! SUMMARY-  face_outer_bound ...........................................:    432
! SUMMARY-  geometric_representation_context_and_global_uncertainty_a ..:    435
! SUMMARY-  length_unit_and_si_unit ....................................:    435
! SUMMARY-  line .......................................................:    581
! SUMMARY-  manifold_solid_brep ........................................:      1
! SUMMARY-  oriented_edge ..............................................:   2130
! SUMMARY-  plane ......................................................:    156
! SUMMARY-  plane_angle_unit_and_si_unit ...............................:    435
! SUMMARY-  product ....................................................:      1
! SUMMARY-  product_context ............................................:      1
! SUMMARY-  product_definition .........................................:      1
! SUMMARY-  product_definition_context .................................:      1
! SUMMARY-  product_definition_formation_with_specified_source .........:      1
! SUMMARY-  product_definition_shape ...................................:      1
! SUMMARY-  product_related_product_category ...........................:      1
! SUMMARY-  si_unit_and_solid_angle_unit ...............................:    435
! SUMMARY-  uncertainty_measure_with_unit ..............................:    435
! SUMMARY-  vector .....................................................:    581
! SUMMARY-  vertex_point ...............................................:    654
! SUMMARY-                                                               -------
! SUMMARY-  Total                                                          17453
! STATUS-    
! STATUS-   Converting to Output Form (Phase 2 of 3): 13-OCT-2025 2:44:29 PM
! STATUS-    
! STATUS-    
! STATUS-   Generating UG geometry and placing them in parts
! STATUS-    
! STATUS-   Creating the UG part (Phase 3 of 3): 13-OCT-2025  2:44:30 PM
! INFO-     Filing Part ..: C:\Users\TAK\Documents\GitHub\ME-463-Can-Crusher\23HS22-2804S-Nema 23 Stepper Motor.prt
! SUMMARY-   
! SUMMARY-  Summary of Unigraphics Part Entities
! SUMMARY-   
! SUMMARY-  Entities Processed             Count
! SUMMARY-  ------------------             -----
! SUMMARY-  Solid/Sheet .................:     1
! SUMMARY-                                 -----
! SUMMARY-  Total                              1
! INFO-      
! INFO-     Total number of solids input for this translation       :         1
! INFO-      
! INFO-     Number of solids created without body validation faults :         1
! INFO-      
! INFO-     Number of solids created with body validation fault(s)  :         0
! INFO-      
! INFO-     Number of solids ending up as sheet bodies              :         0
! INFO-      
! INFO-     End of Translation: 13-OCT-2025  2:44:31 PM
! INFO-      
