
Unigraphics NX2306.8900 / 2D Exchange

Reading part: C:\Personal Project\ME-463-Can-Crusher\C104-005 Panel.prt


Writing part: C:\Users\bslam\AppData\Local\Temp\blam99A004EEycud.prt

Elapsed time   :    0 minutes, 15 seconds
Actual CPU Time:    0 minutes, 15 seconds


 
	 	 Annotation Summary 
 

 
Dimensions in input Part 
-------------------------------------------------------------------------------------------------------------
Linear                                         :	1
Radial                                         :	5
Ordinate                                       :	35
-------------------------------------------------------------------------------------------------------------
Total                                          :	41
-------------------------------------------------------------------------------------------------------------

 
Other annotations in input Part 
-------------------------------------------------------------------------------------------------------------
Note                                           :	29
Datum Feature Symbol                           :	3
-------------------------------------------------------------------------------------------------------------
Total                                          :	32
-------------------------------------------------------------------------------------------------------------

 

Dimensions in output 2D Part 
-------------------------------------------------------------------------------------------------------------
Linear                                         :	1
Radial                                         :	5
Ordinate                                       :	34
-------------------------------------------------------------------------------------------------------------
Total                                          :	40
-------------------------------------------------------------------------------------------------------------

INFO-  Following Dimensions Exported As Grouped
-------------------------------------------------------------------------------------------------------------
Type		Dimension Value   View 	 	     Sheet 			   Reason
-------------------------------------------------------------------------------------------------------------
Ordinate        10.050            Top@2              Sheet 1                      Dimension Associated to two object intersection
-------------------------------------------------------------------------------------------------------------

 
Other annotations in output 2D Part 
-------------------------------------------------------------------------------------------------------------
Note                                           :	29
Datum Feature Symbol                           :	3
-------------------------------------------------------------------------------------------------------------
Total                                          :	32
-------------------------------------------------------------------------------------------------------------
INFO-
INFO-		Unigraphics Version NX2306.8900 to AutoCAD 2004
INFO-		
INFO-
INFO-		Running UGTODWG Translator .....
INFO-
INFO-		Start of Translation: Thu Oct 30 12:11:34 2025
INFO-
STATUS-		Converting C:\Users\bslam\AppData\Local\Temp\blam99A004EEycud.prt
STATUS-
----------------------------------------------------------------------------
SUMMARY-                     Warnings
----------------------------------------------------------------------------
1. Font file <txt.shx> not found.
   For text translation improvement, set environment variable DXFDWG_FONTS_DIR to directory contaning font files
   OR place this font file at location pointed to by DXFDWG_DIR.
-------------------------------End------------------------------------------

SUMMARY-
SUMMARY-	Summary of Unigraphics Input Entities
SUMMARY-	For Unigraphics File: C:\Users\bslam\AppData\Local\Temp\blam99A004EEycud.prt
SUMMARY-	------------------------------------------------------------------
SUMMARY-	Entity Type					Count
SUMMARY-	------------------------------------------------------------------
SUMMARY-	Line .....................................:	106
SUMMARY-	Point ....................................:	1
SUMMARY-	Circle ...................................:	22
SUMMARY-	Group ....................................:	1
SUMMARY-	Note .....................................:	30
SUMMARY-	Cross Hatch ..............................:	4
SUMMARY-	Dimension ................................:	41
SUMMARY-	GD & T Symbol ............................:	3
SUMMARY-	Image ....................................:	1
SUMMARY-	------------------------------------------------------------------
SUMMARY-	Total ....................................:	209
SUMMARY-	------------------------------------------------------------------
SUMMARY-
STATUS-
INFO-
INFO-		Writing File: C:\Personal Project\ME-463-Can-Crusher\C104-005 Panel.dwg
SUMMARY-	Summary of AutoCAD Output Entities
SUMMARY-	------------------------------------------------------------------
SUMMARY-	Entity Type					Count
SUMMARY-	------------------------------------------------------------------
SUMMARY-	Circle ...................................:	22
SUMMARY-	Dimension ................................:	40
SUMMARY-	Point ....................................:	1
SUMMARY-	Line .....................................:	272
SUMMARY-	Leader ...................................:	3
SUMMARY-	Solid 2D .................................:	7
SUMMARY-	Hatch ....................................:	4
SUMMARY-	Multiline Text ...........................:	157
SUMMARY-	Group ....................................:	1
SUMMARY-	Layout ...................................:	6
SUMMARY-	Image ...................................:	1
SUMMARY-	------------------------------------------------------------------
SUMMARY-	Total ....................................:	516
SUMMARY-	------------------------------------------------------------------
SUMMARY-
INFO-
INFO-		End of Translation: Thu Oct 30 12:11:39 2025
INFO-		Translation CPU time: 0 m, 5 sINFO-
