STEP to UG
! INFO-     NX STEP AP203 - V2306.8900
! INFO-      
! INFO-     Start of Translation: 28-OCT-2025  4:31:45 PM
! INFO-      
! STATUS-   Converting Part: C:\Users\TAK\Documents\GitHub\ME-463-Can-Crusher\COTS Bodies\YW1B-V4ER_ESTOP.STEP
! SUMMARY-   
! SUMMARY-    STEP Header Information
! SUMMARY-   
! SUMMARY-  Description      STEP AP214
! SUMMARY-  Imp_Level        1
! SUMMARY-  File_Name        01_YW1B-V4ExxR.STEP
! SUMMARY-  Date             2020-11-10T00:18:05
! SUMMARY-  Author           IDEC
! SUMMARY-  Organization     IDEC
! SUMMARY-  Pre_Version      SwSTEP 2.0
! SUMMARY-  Orig_System      SolidWorks 2019
! SUMMARY-  Authorization    Unknown
! SUMMARY-  Schema_ID        automotive_design
! SUMMARY-   
! SUMMARY-    Summary of STEP Entities
! SUMMARY-   
! SUMMARY-  Entity Type                                                   Count
! SUMMARY-  -----------                                                   ------
! SUMMARY-  advanced_face ..............................................:   1463
! SUMMARY-  application_context ........................................:     10
! SUMMARY-  axis2_placement_3d .........................................:   2120
! SUMMARY-  b_spline_curve_with_knots ..................................:    809
! SUMMARY-  b_spline_curve_with_knots_and_rational_b_spline_curve ......:     56
! SUMMARY-  b_spline_surface_with_knots_and_rational_b_spline_surface ..:    510
! SUMMARY-  brep_with_voids ............................................:      1
! SUMMARY-  cartesian_point ............................................:  26034
! SUMMARY-  circle .....................................................:   1158
! SUMMARY-  closed_shell ...............................................:      5
! SUMMARY-  conical_surface ............................................:     19
! SUMMARY-  context_dependent_shape_representation .....................:      6
! SUMMARY-  cylindrical_surface ........................................:    392
! SUMMARY-  direction ..................................................:   5969
! SUMMARY-  edge_curve .................................................:   3752
! SUMMARY-  edge_loop ..................................................:   1482
! SUMMARY-  face_bound .................................................:     19
! SUMMARY-  face_outer_bound ...........................................:   1463
! SUMMARY-  geometric_representation_context_and_global_uncertainty_a ..:     13
! SUMMARY-  item_defined_transformation ................................:      6
! SUMMARY-  length_unit_and_si_unit ....................................:     13
! SUMMARY-  line .......................................................:   1729
! SUMMARY-  manifold_solid_brep ........................................:      3
! SUMMARY-  next_assembly_usage_occurrence .............................:      6
! SUMMARY-  oriented_closed_shell ......................................:      1
! SUMMARY-  oriented_edge ..............................................:   7504
! SUMMARY-  plane ......................................................:    542
! SUMMARY-  plane_angle_unit_and_si_unit ...............................:     13
! SUMMARY-  product ....................................................:      5
! SUMMARY-  product_context ............................................:      5
! SUMMARY-  product_definition .........................................:      5
! SUMMARY-  product_definition_context .................................:      5
! SUMMARY-  product_definition_formation_with_specified_source .........:      5
! SUMMARY-  product_definition_shape ...................................:     11
! SUMMARY-  product_related_product_category ...........................:      5
! SUMMARY-  representation_relationship_with_transformation_and_shape ..:      6
! SUMMARY-  shape_representation .......................................:      5
! SUMMARY-  si_unit_and_solid_angle_unit ...............................:     13
! SUMMARY-  uncertainty_measure_with_unit ..............................:     13
! SUMMARY-  vector .....................................................:   1729
! SUMMARY-  vertex_point ...............................................:   2284
! SUMMARY-                                                               -------
! SUMMARY-  Total                                                          59189
! STATUS-    
! STATUS-   Converting to Output Form (Phase 2 of 3): 28-OCT-2025 4:31:45 PM
! STATUS-    
! INFO-     CV0305 The entities referenced by a context_dependant_shape_rep are
! INFO-       not coded as to STEP Part 43 requirements.  The references to the
! INFO-       component and assembly pieces is out of order.  We will attempt
! INFO-       to correct this with the given data.  This problem should be
! INFO-       reported to the translator vendor whose product generated this
! INFO-       STEP file.  If we are unable to rectify this problem the
! INFO-       components may be positioned incorrectly.
! INFO-      
! STATUS-    
! STATUS-   Generating UG geometry and placing them in parts
! STATUS-    
! STATUS-   Creating the UG part (Phase 3 of 3): 28-OCT-2025  4:31:48 PM
! INFO-     Filing Part ..: C:\Users\TAK\Documents\GitHub\ME-463-Can-Crusher\YW-Exx(R)
! SUMMARY-   
! SUMMARY-  Summary of Unigraphics Part Entities
! SUMMARY-   
! SUMMARY-  Entities Processed             Count
! SUMMARY-  ------------------             -----
! SUMMARY-  Solid/Sheet .................:     1
! SUMMARY-                                 -----
! SUMMARY-  Total                              1
! STATUS-   Creating the UG part (Phase 3 of 3): 28-OCT-2025  4:31:48 PM
! INFO-     Filing Part ..: C:\Users\TAK\Documents\GitHub\ME-463-Can-Crusher\FW-LOCK-NUT
! SUMMARY-   
! SUMMARY-  Summary of Unigraphics Part Entities
! SUMMARY-   
! SUMMARY-  Entities Processed             Count
! SUMMARY-  ------------------             -----
! SUMMARY-  Solid/Sheet .................:     1
! SUMMARY-                                 -----
! SUMMARY-  Total                              1
! STATUS-   Creating the UG part (Phase 3 of 3): 28-OCT-2025  4:31:48 PM
! INFO-     Filing Part ..: C:\Users\TAK\Documents\GitHub\ME-463-Can-Crusher\YW1B-V4-BODY
! SUMMARY-   
! SUMMARY-  Summary of Unigraphics Part Entities
! SUMMARY-   
! SUMMARY-  Entities Processed             Count
! SUMMARY-  ------------------             -----
! SUMMARY-  Solid/Sheet .................:     1
! SUMMARY-                                 -----
! SUMMARY-  Total                              1
! STATUS-   Creating the UG part (Phase 3 of 3): 28-OCT-2025  4:31:49 PM
! INFO-     Filing Part ..: C:\Users\TAK\Documents\GitHub\ME-463-Can-Crusher\YW-CN(-N)
! SUMMARY-   
! SUMMARY-  Summary of Unigraphics Part Entities
! SUMMARY-   
! SUMMARY-  Entities Processed             Count
! SUMMARY-  ------------------             -----
! SUMMARY-  Solid/Sheet .................:     1
! SUMMARY-                                 -----
! SUMMARY-  Total                              1
! STATUS-   Creating the UG part (Phase 3 of 3): 28-OCT-2025  4:31:49 PM
! INFO-     Filing Part ..: C:\Users\TAK\Documents\GitHub\ME-463-Can-Crusher\YW1B-V4ER_ESTOP.prt
! SUMMARY-   
! SUMMARY-  Summary of Unigraphics Part Entities
! SUMMARY-   
! SUMMARY-  Entities Processed             Count
! SUMMARY-  ------------------             -----
! SUMMARY-  Component ...................:     6
! SUMMARY-                                 -----
! SUMMARY-  Total                              6
! INFO-      
! INFO-     Total number of solids input for this translation       :         4
! INFO-      
! INFO-     Number of solids created without body validation faults :         4
! INFO-      
! INFO-     Number of solids created with body validation fault(s)  :         0
! INFO-      
! INFO-     Number of solids ending up as sheet bodies              :         0
! INFO-      
! INFO-     End of Translation: 28-OCT-2025  4:31:49 PM
! INFO-      
