UG to STEP
! INFO-     NX STEP AP214 - V2306.8900
! INFO-      
! INFO-     Start of Translation: 1-OCT-2025  11:27:28 PM
! INFO-      
! STATUS-   Converting Part: C:\Users\mattl\AppData\Local\Temp\R101 BOT STR FEA EXPORT_objects.prt
! SUMMARY-   
! SUMMARY-  Summary of Unigraphics Part Entities
! SUMMARY-  For Part: C:\Users\mattl\AppData\Local\Temp\R101 BOT STR FEA EXPORT_objects.prt 
! SUMMARY-  Entities Processed             Count
! SUMMARY-  ------------------             -----
! SUMMARY-  Point .......................:     1
! SUMMARY-  Arc/Circle ..................:    96
! SUMMARY-  Part Attribute ..............:     1
! SUMMARY-  Font ........................:     1
! SUMMARY-  Color Table .................:     2
! SUMMARY-  Coordinate System ...........:     2
! SUMMARY-  Parameter ...................:     1
! SUMMARY-  Matrix ......................:    14
! SUMMARY-  Solid/Sheet .................:
! SUMMARY-     Body .....................:     9
! SUMMARY-                                 -----
! SUMMARY-  Total                            127
! STATUS-    
! STATUS-   Converting to Output Form (Phase 2 of 3): 1-OCT-2025 11:27:30 PM
! STATUS-    
! STATUS-    
! STATUS-   Generating UG geometry and placing them in parts
! STATUS-    
! SUMMARY-   
! SUMMARY-    STEP Header Information
! SUMMARY-   
! SUMMARY-  Description      Unknown
! SUMMARY-  Imp_Level        1
! SUMMARY-  File_Name        R101_p04 BOT STR FEA EXPORT.stp
! SUMMARY-  Date             2025-10-01T23:27:30-04:00
! SUMMARY-  Author           Unknown
! SUMMARY-  Organization     Unknown
! SUMMARY-  Pre_Version      ST-DEVELOPER v19.4
! SUMMARY-  Orig_System      SIEMENS PLM Software NX2306.8900
! SUMMARY-  Authorization    Unknown
! SUMMARY-  Schema_ID        step_merged_ap_schema
! SUMMARY-   
! SUMMARY-    Summary of STEP Entities
! SUMMARY-   
! SUMMARY-  Entity Type                                                   Count
! SUMMARY-  -----------                                                   ------
! SUMMARY-  advanced_face ..............................................:    245
! SUMMARY-  application_context ........................................:      1
! SUMMARY-  axis2_placement_3d .........................................:    567
! SUMMARY-  b_spline_curve_with_knots ..................................:     57
! SUMMARY-  cartesian_point ............................................:   4512
! SUMMARY-  circle .....................................................:    311
! SUMMARY-  closed_shell ...............................................:      9
! SUMMARY-  conical_surface ............................................:     27
! SUMMARY-  conversion_based_unit_and_length_unit ......................:      1
! SUMMARY-  conversion_based_unit_and_plane_angle_unit .................:      1
! SUMMARY-  cylindrical_surface ........................................:    136
! SUMMARY-  dimensional_exponents ......................................:      2
! SUMMARY-  direction ..................................................:   1353
! SUMMARY-  edge_curve .................................................:    500
! SUMMARY-  edge_loop ..................................................:    478
! SUMMARY-  ellipse ....................................................:      9
! SUMMARY-  face_bound .................................................:    409
! SUMMARY-  face_outer_bound ...........................................:     93
! SUMMARY-  geometric_representation_context_and_global_uncertainty_a ..:      1
! SUMMARY-  length_measure_with_unit ...................................:      1
! SUMMARY-  length_unit_and_si_unit ....................................:      1
! SUMMARY-  line .......................................................:    219
! SUMMARY-  manifold_solid_brep ........................................:      9
! SUMMARY-  oriented_edge ..............................................:   1000
! SUMMARY-  plane ......................................................:     79
! SUMMARY-  plane_angle_measure_with_unit ..............................:      1
! SUMMARY-  plane_angle_unit_and_si_unit ...............................:      1
! SUMMARY-  product ....................................................:      1
! SUMMARY-  product_context ............................................:      1
! SUMMARY-  product_definition .........................................:      1
! SUMMARY-  product_definition_context .................................:      1
! SUMMARY-  product_definition_formation_with_specified_source .........:      1
! SUMMARY-  product_definition_shape ...................................:      1
! SUMMARY-  product_related_product_category ...........................:      1
! SUMMARY-  si_unit_and_solid_angle_unit ...............................:      1
! SUMMARY-  spherical_surface ..........................................:      3
! SUMMARY-  uncertainty_measure_with_unit ..............................:      1
! SUMMARY-  vector .....................................................:    219
! SUMMARY-  vertex_loop ................................................:     24
! SUMMARY-  vertex_point ...............................................:    410
! SUMMARY-                                                               -------
! SUMMARY-  Total                                                          10688
! INFO-     Bspline aprx. value in effect for this translation :0.025400 millimeter
! INFO-      
! INFO-     Total number of solids input for this translation  :       9
! INFO-      
! INFO-     Number of solids processed without problems        :       9
! INFO-      
! INFO-     Number of solids with problems output as sheets    :       0
! INFO-      
! INFO-     Number of solids not processed                     :       0
! INFO-      
! INFO-     End of Translation: 1-OCT-2025  11:27:30 PM
! INFO-      
STEP to UG
! INFO-     NX STEP AP214 - V2306.8900
! INFO-      
! INFO-     Start of Translation: 2-OCT-2025  12:29:29 AM
! INFO-      
! STATUS-   Converting Part: C:\Users\mattl\Documents\Purdue\Fall 2025\ME 463\ME-463-Can-Crusher\fem_CAD\R101_p04 BOT STR FEA EXPORT.stp
! SUMMARY-   
! SUMMARY-    STEP Header Information
! SUMMARY-   
! SUMMARY-  Description      Unknown
! SUMMARY-  Imp_Level        2;1
! SUMMARY-  File_Name        R101_p04 BOT STR FEA EXPORT.stp
! SUMMARY-  Date             2025-10-01T23:27:30-04:00
! SUMMARY-  Author           Unknown
! SUMMARY-  Organization     Unknown
! SUMMARY-  Pre_Version      ST-DEVELOPER v19.4
! SUMMARY-  Orig_System      SIEMENS PLM Software NX2306.8900
! SUMMARY-  Authorization    Unknown
! SUMMARY-  Schema_ID        automotive_design
! SUMMARY-   
! SUMMARY-    Summary of STEP Entities
! SUMMARY-   
! SUMMARY-  Entity Type                                                   Count
! SUMMARY-  -----------                                                   ------
! SUMMARY-  advanced_face ..............................................:    245
! SUMMARY-  application_context ........................................:      1
! SUMMARY-  axis2_placement_3d .........................................:    567
! SUMMARY-  b_spline_curve_with_knots ..................................:     57
! SUMMARY-  cartesian_point ............................................:   4512
! SUMMARY-  circle .....................................................:    311
! SUMMARY-  closed_shell ...............................................:      9
! SUMMARY-  conical_surface ............................................:     27
! SUMMARY-  conversion_based_unit_and_length_unit ......................:      1
! SUMMARY-  conversion_based_unit_and_plane_angle_unit .................:      1
! SUMMARY-  cylindrical_surface ........................................:    136
! SUMMARY-  dimensional_exponents ......................................:      2
! SUMMARY-  direction ..................................................:   1353
! SUMMARY-  edge_curve .................................................:    500
! SUMMARY-  edge_loop ..................................................:    478
! SUMMARY-  ellipse ....................................................:      9
! SUMMARY-  face_bound .................................................:    409
! SUMMARY-  face_outer_bound ...........................................:     93
! SUMMARY-  geometric_representation_context_and_global_uncertainty_a ..:      1
! SUMMARY-  length_measure_with_unit ...................................:      1
! SUMMARY-  length_unit_and_si_unit ....................................:      1
! SUMMARY-  line .......................................................:    219
! SUMMARY-  manifold_solid_brep ........................................:      9
! SUMMARY-  oriented_edge ..............................................:   1000
! SUMMARY-  plane ......................................................:     79
! SUMMARY-  plane_angle_measure_with_unit ..............................:      1
! SUMMARY-  plane_angle_unit_and_si_unit ...............................:      1
! SUMMARY-  product ....................................................:      1
! SUMMARY-  product_context ............................................:      1
! SUMMARY-  product_definition .........................................:      1
! SUMMARY-  product_definition_context .................................:      1
! SUMMARY-  product_definition_formation_with_specified_source .........:      1
! SUMMARY-  product_definition_shape ...................................:      1
! SUMMARY-  product_related_product_category ...........................:      1
! SUMMARY-  si_unit_and_solid_angle_unit ...............................:      1
! SUMMARY-  spherical_surface ..........................................:      3
! SUMMARY-  uncertainty_measure_with_unit ..............................:      1
! SUMMARY-  vector .....................................................:    219
! SUMMARY-  vertex_loop ................................................:     24
! SUMMARY-  vertex_point ...............................................:    410
! SUMMARY-                                                               -------
! SUMMARY-  Total                                                          10688
! STATUS-    
! STATUS-   Converting to Output Form (Phase 2 of 3): 2-OCT-2025 12:29:29 AM
! STATUS-    
! STATUS-    
! STATUS-   Generating UG geometry and placing them in parts
! STATUS-    
! STATUS-   Creating the UG part (Phase 3 of 3): 2-OCT-2025  12:29:30 AM
! INFO-     Filing Part ..: C:\Users\mattl\Documents\Purdue\Fall 2025\ME 463\ME-463-Can-Crusher\fem_CAD\R101_p04 BOT STR FEA EXPORT_stp.prt
! SUMMARY-   
! SUMMARY-  Summary of Unigraphics Part Entities
! SUMMARY-   
! SUMMARY-  Entities Processed             Count
! SUMMARY-  ------------------             -----
! SUMMARY-  Point .......................:     1
! SUMMARY-  Arc/Circle ..................:    96
! SUMMARY-  Solid/Sheet .................:     9
! SUMMARY-                                 -----
! SUMMARY-  Total                            106
! INFO-      
! INFO-     Total number of solids input for this translation       :         9
! INFO-      
! INFO-     Number of solids created without body validation faults :         9
! INFO-      
! INFO-     Number of solids created with body validation fault(s)  :         0
! INFO-      
! INFO-     Number of solids ending up as sheet bodies              :         0
! INFO-      
! INFO-     End of Translation: 2-OCT-2025  12:29:32 AM
! INFO-      
