UG to STEP
! INFO-     NX STEP AP214 - V2306.8900
! INFO-      
! INFO-     Start of Translation: 30-SEP-2025  10:29:10 PM
! INFO-      
! STATUS-   Converting Part: C:\Users\mattl\AppData\Local\Temp\R101 BOT STR FEA EXPORT_objects.prt
! SUMMARY-   
! SUMMARY-  Summary of Unigraphics Part Entities
! SUMMARY-  For Part: C:\Users\mattl\AppData\Local\Temp\R101 BOT STR FEA EXPORT_objects.prt 
! SUMMARY-  Entities Processed             Count
! SUMMARY-  ------------------             -----
! SUMMARY-  Point .......................:     1
! SUMMARY-  Arc/Circle ..................:    96
! SUMMARY-  Part Attribute ..............:     1
! SUMMARY-  Font ........................:     1
! SUMMARY-  Color Table .................:     2
! SUMMARY-  Coordinate System ...........:     2
! SUMMARY-  Parameter ...................:     1
! SUMMARY-  Matrix ......................:    14
! SUMMARY-  Solid/Sheet .................:
! SUMMARY-     Body .....................:     9
! SUMMARY-                                 -----
! SUMMARY-  Total                            127
! STATUS-    
! STATUS-   Converting to Output Form (Phase 2 of 3): 30-SEP-2025 10:29:13 PM
! STATUS-    
! STATUS-    
! STATUS-   Generating UG geometry and placing them in parts
! STATUS-    
! SUMMARY-   
! SUMMARY-    STEP Header Information
! SUMMARY-   
! SUMMARY-  Description      Unknown
! SUMMARY-  Imp_Level        1
! SUMMARY-  File_Name        R101_p02 BOT STR FEA EXPORT.stp
! SUMMARY-  Date             2025-09-30T22:29:13-04:00
! SUMMARY-  Author           Unknown
! SUMMARY-  Organization     Unknown
! SUMMARY-  Pre_Version      ST-DEVELOPER v19.4
! SUMMARY-  Orig_System      SIEMENS PLM Software NX2306.8900
! SUMMARY-  Authorization    Unknown
! SUMMARY-  Schema_ID        step_merged_ap_schema
! SUMMARY-   
! SUMMARY-    Summary of STEP Entities
! SUMMARY-   
! SUMMARY-  Entity Type                                                   Count
! SUMMARY-  -----------                                                   ------
! SUMMARY-  advanced_face ..............................................:    245
! SUMMARY-  application_context ........................................:      1
! SUMMARY-  axis2_placement_3d .........................................:    561
! SUMMARY-  b_spline_curve_with_knots ..................................:     57
! SUMMARY-  cartesian_point ............................................:   4512
! SUMMARY-  circle .....................................................:    305
! SUMMARY-  closed_shell ...............................................:      9
! SUMMARY-  conical_surface ............................................:     27
! SUMMARY-  conversion_based_unit_and_length_unit ......................:      1
! SUMMARY-  conversion_based_unit_and_plane_angle_unit .................:      1
! SUMMARY-  cylindrical_surface ........................................:    133
! SUMMARY-  dimensional_exponents ......................................:      2
! SUMMARY-  direction ..................................................:   1347
! SUMMARY-  edge_curve .................................................:    500
! SUMMARY-  edge_loop ..................................................:    478
! SUMMARY-  ellipse ....................................................:      9
! SUMMARY-  face_bound .................................................:    409
! SUMMARY-  face_outer_bound ...........................................:     93
! SUMMARY-  geometric_representation_context_and_global_uncertainty_a ..:      1
! SUMMARY-  length_measure_with_unit ...................................:      1
! SUMMARY-  length_unit_and_si_unit ....................................:      1
! SUMMARY-  line .......................................................:    225
! SUMMARY-  manifold_solid_brep ........................................:      9
! SUMMARY-  oriented_edge ..............................................:   1000
! SUMMARY-  plane ......................................................:     82
! SUMMARY-  plane_angle_measure_with_unit ..............................:      1
! SUMMARY-  plane_angle_unit_and_si_unit ...............................:      1
! SUMMARY-  product ....................................................:      1
! SUMMARY-  product_context ............................................:      1
! SUMMARY-  product_definition .........................................:      1
! SUMMARY-  product_definition_context .................................:      1
! SUMMARY-  product_definition_formation_with_specified_source .........:      1
! SUMMARY-  product_definition_shape ...................................:      1
! SUMMARY-  product_related_product_category ...........................:      1
! SUMMARY-  si_unit_and_solid_angle_unit ...............................:      1
! SUMMARY-  spherical_surface ..........................................:      3
! SUMMARY-  uncertainty_measure_with_unit ..............................:      1
! SUMMARY-  vector .....................................................:    225
! SUMMARY-  vertex_loop ................................................:     24
! SUMMARY-  vertex_point ...............................................:    410
! SUMMARY-                                                               -------
! SUMMARY-  Total                                                          10682
! INFO-     Bspline aprx. value in effect for this translation :0.025400 millimeter
! INFO-      
! INFO-     Total number of solids input for this translation  :       9
! INFO-      
! INFO-     Number of solids processed without problems        :       9
! INFO-      
! INFO-     Number of solids with problems output as sheets    :       0
! INFO-      
! INFO-     Number of solids not processed                     :       0
! INFO-      
! INFO-     End of Translation: 30-SEP-2025  10:29:13 PM
! INFO-      
